Using cuda device
Traceback (most recent call last):
  File "/home/kpatherya3/.local/lib/python3.8/site-packages/stable_baselines3/common/vec_env/patch_gym.py", line 40, in _patch_env
    import shimmy
ModuleNotFoundError: No module named 'shimmy'

The above exception was the direct cause of the following exception:

Traceback (most recent call last):
  File "mfrl_scratch.py", line 141, in <module>
    model = train_policy(
  File "mfrl_scratch.py", line 81, in train_policy
    model = SAC(
  File "/home/kpatherya3/.local/lib/python3.8/site-packages/stable_baselines3/sac/sac.py", line 120, in __init__
    super().__init__(
  File "/home/kpatherya3/.local/lib/python3.8/site-packages/stable_baselines3/common/off_policy_algorithm.py", line 110, in __init__
    super().__init__(
  File "/home/kpatherya3/.local/lib/python3.8/site-packages/stable_baselines3/common/base_class.py", line 169, in __init__
    env = self._wrap_env(env, self.verbose, monitor_wrapper)
  File "/home/kpatherya3/.local/lib/python3.8/site-packages/stable_baselines3/common/base_class.py", line 216, in _wrap_env
    env = _patch_env(env)
  File "/home/kpatherya3/.local/lib/python3.8/site-packages/stable_baselines3/common/vec_env/patch_gym.py", line 42, in _patch_env
    raise ImportError(
ImportError: Missing shimmy installation. You provided an OpenAI Gym environment. Stable-Baselines3 (SB3) has transitioned to using Gymnasium internally. In order to use OpenAI Gym environments with SB3, you need to install shimmy (`pip install 'shimmy>=2.0'`).
Traceback (most recent call last):
  File "/home/kpatherya3/.local/lib/python3.8/site-packages/stable_baselines3/common/vec_env/patch_gym.py", line 40, in _patch_env
    import shimmy
ModuleNotFoundError: No module named 'shimmy'

The above exception was the direct cause of the following exception:

Traceback (most recent call last):
  File "mfrl_scratch.py", line 141, in <module>
    model = train_policy(
  File "mfrl_scratch.py", line 81, in train_policy
    model = SAC(
  File "/home/kpatherya3/.local/lib/python3.8/site-packages/stable_baselines3/sac/sac.py", line 120, in __init__
    super().__init__(
  File "/home/kpatherya3/.local/lib/python3.8/site-packages/stable_baselines3/common/off_policy_algorithm.py", line 110, in __init__
    super().__init__(
  File "/home/kpatherya3/.local/lib/python3.8/site-packages/stable_baselines3/common/base_class.py", line 169, in __init__
    env = self._wrap_env(env, self.verbose, monitor_wrapper)
  File "/home/kpatherya3/.local/lib/python3.8/site-packages/stable_baselines3/common/base_class.py", line 216, in _wrap_env
    env = _patch_env(env)
  File "/home/kpatherya3/.local/lib/python3.8/site-packages/stable_baselines3/common/vec_env/patch_gym.py", line 42, in _patch_env
    raise ImportError(
ImportError: Missing shimmy installation. You provided an OpenAI Gym environment. Stable-Baselines3 (SB3) has transitioned to using Gymnasium internally. In order to use OpenAI Gym environments with SB3, you need to install shimmy (`pip install 'shimmy>=2.0'`).
